# JRE version: Java(TM) SE Runtime Environment (20.0.2+9) (build 20.0.2+9-78)
# Java VM: Java HotSpot(TM) 64-Bit Server VM (20.0.2+9-78, mixed mode, sharing, tiered, compressed oops, compressed class ptrs, g1 gc, windows-amd64)
GC Precious Log:
 CardTable entry size: 512
 Card Set container configuration: InlinePtr #cards 4 size 8 Array Of Cards #cards 16 size 48 Howl #buckets 8 coarsen threshold 3686 Howl Bitmap #cards 512 size 80 coarsen threshold 460 Card regions per heap region 1 cards per card region 4096
 CPUs: 16 total, 16 available
 Memory: 15720M
 Large Page Support: Disabled
 NUMA Support: Disabled
 Compressed Oops: Enabled (Zero based)
 Heap Region Size: 2M
 Heap Min Capacity: 8M
 Heap Initial Capacity: 8M
 Heap Max Capacity: 3932M
 Pre-touch: Disabled
 Parallel Workers: 13
 Concurrent Workers: 3
 Concurrent Refinement Workers: 13
 Periodic GC: Disabled
Heap:
 garbage-first heap   total 14336K, used 4836K [0x000000070a400000, 0x0000000800000000)
  region size 2048K, 2 young (4096K), 1 survivors (2048K)
 Metaspace       used 8593K, committed 8832K, reserved 1114112K
  class space    used 978K, committed 1088K, reserved 1048576K
GC Heap History (14 events):
Event: 0.148 GC heap before
{Heap before GC invocations=0 (full 0):
 garbage-first heap   total 8192K, used 2048K [0x000000070a400000, 0x0000000800000000)
  region size 2048K, 1 young (2048K), 0 survivors (0K)
 Metaspace       used 1361K, committed 1472K, reserved 1114112K
  class space    used 154K, committed 192K, reserved 1048576K
}
Event: 0.150 GC heap after
{Heap after GC invocations=1 (full 0):
 garbage-first heap   total 8192K, used 1040K [0x000000070a400000, 0x0000000800000000)
  region size 2048K, 1 young (2048K), 1 survivors (2048K)
 Metaspace       used 1361K, committed 1472K, reserved 1114112K
  class space    used 154K, committed 192K, reserved 1048576K
}
Event: 0.275 GC heap before
{Heap before GC invocations=1 (full 0):
 garbage-first heap   total 8192K, used 3088K [0x000000070a400000, 0x0000000800000000)
  region size 2048K, 2 young (4096K), 1 survivors (2048K)
 Metaspace       used 4872K, committed 5056K, reserved 1114112K
  class space    used 587K, committed 640K, reserved 1048576K
}
Event: 0.278 GC heap after
{Heap after GC invocations=2 (full 0):
 garbage-first heap   total 8192K, used 1610K [0x000000070a400000, 0x0000000800000000)
  region size 2048K, 1 young (2048K), 1 survivors (2048K)
 Metaspace       used 4872K, committed 5056K, reserved 1114112K
  class space    used 587K, committed 640K, reserved 1048576K
}
Event: 0.387 GC heap before
{Heap before GC invocations=2 (full 0):
 garbage-first heap   total 8192K, used 3658K [0x000000070a400000, 0x0000000800000000)
  region size 2048K, 2 young (4096K), 1 survivors (2048K)
 Metaspace       used 7650K, committed 7808K, reserved 1114112K
  class space    used 862K, committed 896K, reserved 1048576K
}
Event: 0.390 GC heap after
{Heap after GC invocations=3 (full 0):
 garbage-first heap   total 8192K, used 2529K [0x000000070a400000, 0x0000000800000000)
  region size 2048K, 1 young (2048K), 1 survivors (2048K)
 Metaspace       used 7650K, committed 7808K, reserved 1114112K
  class space    used 862K, committed 896K, reserved 1048576K
}
Event: 0.444 GC heap before
{Heap before GC invocations=3 (full 0):
 garbage-first heap   total 8192K, used 4577K [0x000000070a400000, 0x0000000800000000)
  region size 2048K, 2 young (4096K), 1 survivors (2048K)
 Metaspace       used 8080K, committed 8320K, reserved 1114112K
  class space    used 916K, committed 1024K, reserved 1048576K
}
Event: 0.448 GC heap after
{Heap after GC invocations=4 (full 0):
 garbage-first heap   total 8192K, used 3072K [0x000000070a400000, 0x0000000800000000)
  region size 2048K, 1 young (2048K), 1 survivors (2048K)
 Metaspace       used 8080K, committed 8320K, reserved 1114112K
  class space    used 916K, committed 1024K, reserved 1048576K
}
Event: 0.458 GC heap before
{Heap before GC invocations=4 (full 0):
 garbage-first heap   total 8192K, used 5120K [0x000000070a400000, 0x0000000800000000)
  region size 2048K, 2 young (4096K), 1 survivors (2048K)
 Metaspace       used 8116K, committed 8320K, reserved 1114112K
  class space    used 916K, committed 1024K, reserved 1048576K
}
Event: 0.460 GC heap after
{Heap after GC invocations=5 (full 0):
 garbage-first heap   total 14336K, used 3464K [0x000000070a400000, 0x0000000800000000)
  region size 2048K, 1 young (2048K), 1 survivors (2048K)
 Metaspace       used 8116K, committed 8320K, reserved 1114112K
  class space    used 916K, committed 1024K, reserved 1048576K
}
Event: 0.489 GC heap before
{Heap before GC invocations=5 (full 0):
 garbage-first heap   total 14336K, used 5512K [0x000000070a400000, 0x0000000800000000)
  region size 2048K, 2 young (4096K), 1 survivors (2048K)
 Metaspace       used 8209K, committed 8384K, reserved 1114112K
  class space    used 925K, committed 1024K, reserved 1048576K
}
Event: 0.491 GC heap after
{Heap after GC invocations=6 (full 0):
 garbage-first heap   total 14336K, used 3729K [0x000000070a400000, 0x0000000800000000)
  region size 2048K, 1 young (2048K), 1 survivors (2048K)
 Metaspace       used 8209K, committed 8384K, reserved 1114112K
  class space    used 925K, committed 1024K, reserved 1048576K
}
Event: 0.505 GC heap before
{Heap before GC invocations=6 (full 0):
 garbage-first heap   total 14336K, used 7825K [0x000000070a400000, 0x0000000800000000)
  region size 2048K, 3 young (6144K), 1 survivors (2048K)
 Metaspace       used 8234K, committed 8448K, reserved 1114112K
  class space    used 925K, committed 1024K, reserved 1048576K
}
Event: 0.508 GC heap after
{Heap after GC invocations=7 (full 0):
 garbage-first heap   total 14336K, used 4217K [0x000000070a400000, 0x0000000800000000)
  region size 2048K, 1 young (2048K), 1 survivors (2048K)
 Metaspace       used 8234K, committed 8448K, reserved 1114112K
  class space    used 925K, committed 1024K, reserved 1048576K
}

